Determining if the pthread_create exist failed with the following output:
Change Dir: /home/cindy/tum_simulator_ws/build/CMakeFiles/CMakeTmp

Run Build Command:/usr/bin/make "cmTryCompileExec2360334104/fast"
/usr/bin/make -f CMakeFiles/cmTryCompileExec2360334104.dir/build.make CMakeFiles/cmTryCompileExec2360334104.dir/build
make[1]: Entering directory `/home/cindy/tum_simulator_ws/build/CMakeFiles/CMakeTmp'
/usr/bin/cmake -E cmake_progress_report /home/cindy/tum_simulator_ws/build/CMakeFiles/CMakeTmp/CMakeFiles 1
Building C object CMakeFiles/cmTryCompileExec2360334104.dir/CheckSymbolExists.c.o
/usr/bin/cc    -o CMakeFiles/cmTryCompileExec2360334104.dir/CheckSymbolExists.c.o   -c /home/cindy/tum_simulator_ws/build/CMakeFiles/CMakeTmp/CheckSymbolExists.c
Linking C executable cmTryCompileExec2360334104
/usr/bin/cmake -E cmake_link_script CMakeFiles/cmTryCompileExec2360334104.dir/link.txt --verbose=1
/usr/bin/cc       CMakeFiles/cmTryCompileExec2360334104.dir/CheckSymbolExists.c.o  -o cmTryCompileExec2360334104 -rdynamic 
CMakeFiles/cmTryCompileExec2360334104.dir/CheckSymbolExists.c.o: In function `main':
CheckSymbolExists.c:(.text+0x16): undefined reference to `pthread_create'
collect2: error: ld returned 1 exit status
make[1]: *** [cmTryCompileExec2360334104] Error 1
make[1]: Leaving directory `/home/cindy/tum_simulator_ws/build/CMakeFiles/CMakeTmp'
make: *** [cmTryCompileExec2360334104/fast] Error 2

File /home/cindy/tum_simulator_ws/build/CMakeFiles/CMakeTmp/CheckSymbolExists.c:
/* */
#include <pthread.h>

int main(int argc, char** argv)
{
  (void)argv;
#ifndef pthread_create
  return ((int*)(&pthread_create))[argc];
#else
  (void)argc;
  return 0;
#endif
}

Determining if the function pthread_create exists in the pthreads failed with the following output:
Change Dir: /home/cindy/tum_simulator_ws/build/CMakeFiles/CMakeTmp

Run Build Command:/usr/bin/make "cmTryCompileExec916109438/fast"
/usr/bin/make -f CMakeFiles/cmTryCompileExec916109438.dir/build.make CMakeFiles/cmTryCompileExec916109438.dir/build
make[1]: Entering directory `/home/cindy/tum_simulator_ws/build/CMakeFiles/CMakeTmp'
/usr/bin/cmake -E cmake_progress_report /home/cindy/tum_simulator_ws/build/CMakeFiles/CMakeTmp/CMakeFiles 1
Building C object CMakeFiles/cmTryCompileExec916109438.dir/CheckFunctionExists.c.o
/usr/bin/cc   -DCHECK_FUNCTION_EXISTS=pthread_create   -o CMakeFiles/cmTryCompileExec916109438.dir/CheckFunctionExists.c.o   -c /usr/share/cmake-2.8/Modules/CheckFunctionExists.c
Linking C executable cmTryCompileExec916109438
/usr/bin/cmake -E cmake_link_script CMakeFiles/cmTryCompileExec916109438.dir/link.txt --verbose=1
/usr/bin/cc   -DCHECK_FUNCTION_EXISTS=pthread_create    CMakeFiles/cmTryCompileExec916109438.dir/CheckFunctionExists.c.o  -o cmTryCompileExec916109438 -rdynamic -lpthreads 
/usr/bin/ld: cannot find -lpthreads
collect2: error: ld returned 1 exit status
make[1]: *** [cmTryCompileExec916109438] Error 1
make[1]: Leaving directory `/home/cindy/tum_simulator_ws/build/CMakeFiles/CMakeTmp'
make: *** [cmTryCompileExec916109438/fast] Error 2


